2025-01-24 11:33:33 INFO  Utils:112 - [TestNG] Running:
  D:\Selenium_Java_Framework\com.OpenCartVer-101\master.xml

2025-01-24 11:33:41 INFO  TC_003_SearchFuctionality:73 - Browser setup completed. Navigated to URL: https://tutorialsninja.com/demo/
2025-01-24 11:39:42 INFO  Utils:112 - [TestNG] Running:
  D:\Selenium_Java_Framework\com.OpenCartVer-101\master.xml

2025-01-24 11:39:46 INFO  TC_003_SearchFuctionality:73 - Browser setup completed. Navigated to URL: https://tutorialsninja.com/demo/
2025-01-24 11:41:34 INFO  Utils:112 - [TestNG] Running:
  D:\Selenium_Java_Framework\com.OpenCartVer-101\master.xml

2025-01-24 11:41:38 INFO  TC_003_SearchFuctionality:73 - Browser setup completed. Navigated to URL: https://tutorialsninja.com/demo/
2025-01-24 11:48:00 INFO  Utils:112 - [TestNG] Running:
  D:\Selenium_Java_Framework\com.OpenCartVer-101\master.xml

2025-01-24 11:48:05 INFO  TC_003_SearchFuctionality:73 - Browser setup completed. Navigated to URL: https://tutorialsninja.com/demo/
2025-01-24 11:48:05 INFO  TC_003_SearchFuctionality:22 - <<< Test case started >>>
2025-01-24 11:48:05 INFO  TC_003_SearchFuctionality:29 - <<< click on my account and login>>>
2025-01-24 11:48:05 INFO  TC_003_SearchFuctionality:34 - <<< login successfully with credentials >>>
2025-01-24 11:48:06 INFO  TC_003_SearchFuctionality:40 - <<< search product via search box >>>
2025-01-24 11:51:58 INFO  Utils:112 - [TestNG] Running:
  D:\Selenium_Java_Framework\com.OpenCartVer-101\master.xml

2025-01-24 11:52:02 INFO  TC_003_SearchFuctionality:73 - Browser setup completed. Navigated to URL: https://tutorialsninja.com/demo/
2025-01-24 11:52:02 INFO  TC_003_SearchFuctionality:22 - <<< Test case started >>>
2025-01-24 11:52:02 INFO  TC_003_SearchFuctionality:29 - <<< click on my account and login>>>
2025-01-24 11:52:02 INFO  TC_003_SearchFuctionality:34 - <<< login successfully with credentials >>>
2025-01-24 11:52:03 INFO  TC_003_SearchFuctionality:40 - <<< search product via search box >>>
2025-01-24 11:52:04 INFO  TC_003_SearchFuctionality:46 - <<< Test case finished >>>
2025-01-24 12:05:33 WARN  TestNG:133 - Ignoring duplicate listener : utilities.ExtentReportManager
2025-01-24 12:05:38 INFO  TC_003_SearchFuctionality:73 - Browser setup completed. Navigated to URL: https://tutorialsninja.com/demo/
2025-01-24 12:05:39 INFO  TC_003_SearchFuctionality:22 - <<< Test case started >>>
2025-01-24 12:05:39 INFO  TC_003_SearchFuctionality:29 - <<< click on my account and login>>>
2025-01-24 12:05:39 INFO  TC_003_SearchFuctionality:34 - <<< login successfully with credentials >>>
2025-01-24 12:05:40 INFO  TC_003_SearchFuctionality:40 - <<< search product via search box >>>
2025-01-24 12:05:41 INFO  TC_003_SearchFuctionality:46 - <<< Test case finished >>>
2025-01-24 12:05:46 INFO  TC_001_RegistrationPage:73 - Browser setup completed. Navigated to URL: https://tutorialsninja.com/demo/
2025-01-24 12:05:47 INFO  TC_001_RegistrationPage:16 - <<< Test case started >>>
2025-01-24 12:05:47 INFO  TC_001_RegistrationPage:22 - Clicked on 'My Account' link.
2025-01-24 12:05:47 INFO  TC_001_RegistrationPage:25 - Clicked on 'Register' link.
2025-01-24 12:05:47 INFO  TC_001_RegistrationPage:32 - Sending details for registration.
2025-01-24 12:05:49 INFO  TC_001_RegistrationPage:44 - Registration details submitted successfully.
2025-01-24 12:05:49 INFO  TC_001_RegistrationPage:48 - <<< Test case 'getRegistered()' finished >>>
2025-01-24 12:05:52 INFO  TC_002_LoginTest:73 - Browser setup completed. Navigated to URL: https://tutorialsninja.com/demo/
2025-01-24 12:05:52 INFO  TC_002_LoginTest:19 - <<< Test case started >>>
